# JRE version: OpenJDK Runtime Environment Microsoft-8035246 (17.0.8+7) (build 17.0.8+7-LTS)
# Java VM: OpenJDK 64-Bit Server VM Microsoft-8035246 (17.0.8+7-LTS, mixed mode, sharing, tiered, compressed oops, compressed class ptrs, g1 gc, windows-amd64)
GC Precious Log:
 CPUs: 12 total, 12 available
 Memory: 32696M
 Large Page Support: Disabled
 NUMA Support: Disabled
 Compressed Oops: Enabled (32-bit)
 Heap Region Size: 1M
 Heap Min Capacity: 8M
 Heap Initial Capacity: 512M
 Heap Max Capacity: 2G
 Pre-touch: Disabled
 Parallel Workers: 10
 Concurrent Workers: 3
 Concurrent Refinement Workers: 10
 Periodic GC: Disabled
Heap:
 garbage-first heap   total 353280K, used 247875K [0x0000000080000000, 0x0000000100000000)
  region size 1024K, 22 young (22528K), 4 survivors (4096K)
 Metaspace       used 104190K, committed 105536K, reserved 557056K
  class space    used 14320K, committed 14912K, reserved 425984K
GC Heap History (20 events):
Event: 18.348 GC heap before
{Heap before GC invocations=32 (full 0):
 garbage-first heap   total 313344K, used 247525K [0x0000000080000000, 0x0000000100000000)
  region size 1024K, 145 young (148480K), 17 survivors (17408K)
 Metaspace       used 86925K, committed 87808K, reserved 557056K
  class space    used 12096K, committed 12480K, reserved 425984K
}
Event: 18.359 GC heap after
{Heap after GC invocations=33 (full 0):
 garbage-first heap   total 313344K, used 143360K [0x0000000080000000, 0x0000000100000000)
  region size 1024K, 19 young (19456K), 19 survivors (19456K)
 Metaspace       used 86925K, committed 87808K, reserved 557056K
  class space    used 12096K, committed 12480K, reserved 425984K
}
Event: 19.446 GC heap before
{Heap before GC invocations=33 (full 0):
 garbage-first heap   total 313344K, used 249856K [0x0000000080000000, 0x0000000100000000)
  region size 1024K, 111 young (113664K), 19 survivors (19456K)
 Metaspace       used 91154K, committed 92288K, reserved 557056K
  class space    used 12657K, committed 13184K, reserved 425984K
}
Event: 19.455 GC heap after
{Heap after GC invocations=34 (full 0):
 garbage-first heap   total 313344K, used 172356K [0x0000000080000000, 0x0000000100000000)
  region size 1024K, 14 young (14336K), 14 survivors (14336K)
 Metaspace       used 91154K, committed 92288K, reserved 557056K
  class space    used 12657K, committed 13184K, reserved 425984K
}
Event: 20.117 GC heap before
{Heap before GC invocations=34 (full 0):
 garbage-first heap   total 313344K, used 246084K [0x0000000080000000, 0x0000000100000000)
  region size 1024K, 85 young (87040K), 14 survivors (14336K)
 Metaspace       used 93959K, committed 95168K, reserved 557056K
  class space    used 13023K, committed 13568K, reserved 425984K
}
Event: 20.127 GC heap after
{Heap after GC invocations=35 (full 0):
 garbage-first heap   total 313344K, used 188005K [0x0000000080000000, 0x0000000100000000)
  region size 1024K, 11 young (11264K), 11 survivors (11264K)
 Metaspace       used 93959K, committed 95168K, reserved 557056K
  class space    used 13023K, committed 13568K, reserved 425984K
}
Event: 20.806 GC heap before
{Heap before GC invocations=35 (full 0):
 garbage-first heap   total 313344K, used 248421K [0x0000000080000000, 0x0000000100000000)
  region size 1024K, 70 young (71680K), 11 survivors (11264K)
 Metaspace       used 99012K, committed 100160K, reserved 557056K
  class space    used 13731K, committed 14208K, reserved 425984K
}
Event: 20.815 GC heap after
{Heap after GC invocations=36 (full 0):
 garbage-first heap   total 313344K, used 197533K [0x0000000080000000, 0x0000000100000000)
  region size 1024K, 9 young (9216K), 9 survivors (9216K)
 Metaspace       used 99012K, committed 100160K, reserved 557056K
  class space    used 13731K, committed 14208K, reserved 425984K
}
Event: 21.043 GC heap before
{Heap before GC invocations=36 (full 0):
 garbage-first heap   total 313344K, used 223133K [0x0000000080000000, 0x0000000100000000)
  region size 1024K, 35 young (35840K), 9 survivors (9216K)
 Metaspace       used 99589K, committed 100800K, reserved 557056K
  class space    used 13790K, committed 14336K, reserved 425984K
}
Event: 21.049 GC heap after
{Heap after GC invocations=37 (full 0):
 garbage-first heap   total 313344K, used 202792K [0x0000000080000000, 0x0000000100000000)
  region size 1024K, 6 young (6144K), 6 survivors (6144K)
 Metaspace       used 99589K, committed 100800K, reserved 557056K
  class space    used 13790K, committed 14336K, reserved 425984K
}
Event: 21.385 GC heap before
{Heap before GC invocations=38 (full 0):
 garbage-first heap   total 353280K, used 251944K [0x0000000080000000, 0x0000000100000000)
  region size 1024K, 54 young (55296K), 6 survivors (6144K)
 Metaspace       used 99973K, committed 101184K, reserved 557056K
  class space    used 13826K, committed 14336K, reserved 425984K
}
Event: 21.392 GC heap after
{Heap after GC invocations=39 (full 0):
 garbage-first heap   total 353280K, used 211851K [0x0000000080000000, 0x0000000100000000)
  region size 1024K, 7 young (7168K), 7 survivors (7168K)
 Metaspace       used 99973K, committed 101184K, reserved 557056K
  class space    used 13826K, committed 14336K, reserved 425984K
}
Event: 21.469 GC heap before
{Heap before GC invocations=39 (full 0):
 garbage-first heap   total 353280K, used 221067K [0x0000000080000000, 0x0000000100000000)
  region size 1024K, 17 young (17408K), 7 survivors (7168K)
 Metaspace       used 100432K, committed 101632K, reserved 557056K
  class space    used 13868K, committed 14400K, reserved 425984K
}
Event: 21.474 GC heap after
{Heap after GC invocations=40 (full 0):
 garbage-first heap   total 353280K, used 212692K [0x0000000080000000, 0x0000000100000000)
  region size 1024K, 2 young (2048K), 2 survivors (2048K)
 Metaspace       used 100432K, committed 101632K, reserved 557056K
  class space    used 13868K, committed 14400K, reserved 425984K
}
Event: 22.063 GC heap before
{Heap before GC invocations=40 (full 0):
 garbage-first heap   total 353280K, used 280276K [0x0000000080000000, 0x0000000100000000)
  region size 1024K, 68 young (69632K), 2 survivors (2048K)
 Metaspace       used 103390K, committed 104640K, reserved 557056K
  class space    used 14249K, committed 14784K, reserved 425984K
}
Event: 22.068 GC heap after
{Heap after GC invocations=41 (full 0):
 garbage-first heap   total 353280K, used 219809K [0x0000000080000000, 0x0000000100000000)
  region size 1024K, 9 young (9216K), 9 survivors (9216K)
 Metaspace       used 103390K, committed 104640K, reserved 557056K
  class space    used 14249K, committed 14784K, reserved 425984K
}
Event: 22.449 GC heap before
{Heap before GC invocations=41 (full 0):
 garbage-first heap   total 353280K, used 283297K [0x0000000080000000, 0x0000000100000000)
  region size 1024K, 72 young (73728K), 9 survivors (9216K)
 Metaspace       used 104150K, committed 105408K, reserved 557056K
  class space    used 14320K, committed 14912K, reserved 425984K
}
Event: 22.457 GC heap after
{Heap after GC invocations=42 (full 0):
 garbage-first heap   total 353280K, used 227012K [0x0000000080000000, 0x0000000100000000)
  region size 1024K, 8 young (8192K), 8 survivors (8192K)
 Metaspace       used 104150K, committed 105408K, reserved 557056K
  class space    used 14320K, committed 14912K, reserved 425984K
}
Event: 22.644 GC heap before
{Heap before GC invocations=42 (full 0):
 garbage-first heap   total 353280K, used 287428K [0x0000000080000000, 0x0000000100000000)
  region size 1024K, 68 young (69632K), 8 survivors (8192K)
 Metaspace       used 104190K, committed 105536K, reserved 557056K
  class space    used 14320K, committed 14912K, reserved 425984K
}
Event: 22.648 GC heap after
{Heap after GC invocations=43 (full 0):
 garbage-first heap   total 353280K, used 230467K [0x0000000080000000, 0x0000000100000000)
  region size 1024K, 4 young (4096K), 4 survivors (4096K)
 Metaspace       used 104190K, committed 105536K, reserved 557056K
  class space    used 14320K, committed 14912K, reserved 425984K
}

